SF:lib/src/screen_corners_platform_interface.dart
DA:7,9
DA:9,9
DA:11,6
DA:16,4
DA:21,2
DA:22,4
DA:26,1
DA:27,1
DA:30,1
DA:31,1
DA:38,3
DA:40,1
DA:41,3
DA:44,1
DA:45,1
DA:48,1
DA:50,2
DA:53,1
DA:54,2
DA:57,1
DA:58,2
DA:61,1
DA:62,2
DA:65,1
DA:66,2
DA:69,1
DA:70,2
DA:73,1
DA:74,2
DA:77,1
DA:78,2
DA:81,1
DA:82,2
DA:85,1
DA:86,2
DA:89,1
DA:90,2
DA:93,1
DA:94,2
DA:97,1
DA:98,4
DA:100,1
DA:101,2
DA:103,1
DA:104,2
LF:45
LH:45
end_of_record
SF:lib/src/screen_corners.dart
DA:4,3
DA:6,1
DA:7,1
DA:10,1
DA:12,1
DA:13,2
DA:16,3
DA:18,3
LF:8
LH:8
end_of_record
SF:lib/src/screen_corners_method_channel.dart
DA:14,1
DA:17,2
DA:18,2
DA:19,1
DA:21,1
DA:25,1
DA:27,1
LF:7
LH:7
end_of_record
